[0.017s] Invoking command in '/home/ghani/my_ws/build/final_package': CMAKE_PREFIX_PATH=/opt/ros/galactic /usr/bin/cmake --build /home/ghani/my_ws/build/final_package -- -j6 -l6
[0.062s] [35m[1mScanning dependencies of target controllercpp[0m
[0.088s] [ 50%] [32mBuilding CXX object CMakeFiles/controllercpp.dir/src/controller.cpp.o[0m
[1.776s] [01m[K/home/ghani/my_ws/src/final_package/src/controller.cpp:35:1:[m[K [01;31m[Kerror: [m[Knon-static data member declared with placeholder â€˜[01m[Kauto[m[Kâ€™
[1.776s]    35 | [01;31m[Kauto[m[K waypointGoal = turtlesim::msg::Pose();
[1.776s]       | [01;31m[K^~~~[m[K
[1.776s] [01m[K/home/ghani/my_ws/src/final_package/src/controller.cpp:36:1:[m[K [01;31m[Kerror: [m[Knon-static data member declared with placeholder â€˜[01m[Kauto[m[Kâ€™
[1.776s]    36 | [01;31m[Kauto[m[K current = turtlesim::msg::Pose();
[1.776s]       | [01;31m[K^~~~[m[K
[1.777s] [01m[K/home/ghani/my_ws/src/final_package/src/controller.cpp:37:1:[m[K [01;31m[Kerror: [m[Knon-static data member declared with placeholder â€˜[01m[Kauto[m[Kâ€™
[1.777s]    37 | [01;31m[Kauto[m[K velCommand = geometry_msgs::msg::Twist();
[1.777s]       | [01;31m[K^~~~[m[K
[2.041s] [01m[K/home/ghani/my_ws/src/final_package/src/controller.cpp:[m[K In member function â€˜[01m[Kvoid MinimalSubscriber::topic_callback(turtlesim::msg::Pose_<std::allocator<void> >::SharedPtr) const[m[Kâ€™:
[2.041s] [01m[K/home/ghani/my_ws/src/final_package/src/controller.cpp:97:19:[m[K [01;31m[Kerror: [m[Kpassing â€˜[01m[Kconst MinimalSubscriber[m[Kâ€™ as â€˜[01m[Kthis[m[Kâ€™ argument discards qualifiers [[01;31m[K-fpermissive[m[K]
[2.041s]    97 |       setVelocity([01;31m[K)[m[K;
[2.041s]       |                   [01;31m[K^[m[K
[2.041s] [01m[K/home/ghani/my_ws/src/final_package/src/controller.cpp:62:6:[m[K [01;36m[Knote: [m[K  in call to â€˜[01m[Kvoid MinimalSubscriber::setVelocity()[m[Kâ€™
[2.042s]    62 | void [01;36m[KsetVelocity[m[K() {
[2.042s]       |      [01;36m[K^~~~~~~~~~~[m[K
[2.042s] [01m[K/home/ghani/my_ws/src/final_package/src/controller.cpp:107:64:[m[K [01;31m[Kerror: [m[Kpassing â€˜[01m[Kconst MinimalSubscriber[m[Kâ€™ as â€˜[01m[Kthis[m[Kâ€™ argument discards qualifiers [[01;31m[K-fpermissive[m[K]
[2.042s]   107 |          << "Distance to Waypoint = " << getDistanceToWaypoint([01;31m[K)[m[K << " m"
[2.042s]       |                                                                [01;31m[K^[m[K
[2.042s] [01m[K/home/ghani/my_ws/src/final_package/src/controller.cpp:40:8:[m[K [01;36m[Knote: [m[K  in call to â€˜[01m[Kdouble MinimalSubscriber::getDistanceToWaypoint()[m[Kâ€™
[2.042s]    40 | double [01;36m[KgetDistanceToWaypoint[m[K() {
[2.042s]       |        [01;36m[K^~~~~~~~~~~~~~~~~~~~~[m[K
[2.043s] [01m[K/home/ghani/my_ws/src/final_package/src/controller.cpp:[m[K In function â€˜[01m[Kint main(int, char**)[m[Kâ€™:
[2.043s] [01m[K/home/ghani/my_ws/src/final_package/src/controller.cpp:120:10:[m[K [01;31m[Kerror: [m[Kâ€˜[01m[Kx_goal[m[Kâ€™ was not declared in this scope
[2.043s]   120 |   cin >> [01;31m[Kx_goal[m[K;
[2.043s]       |          [01;31m[K^~~~~~[m[K
[2.045s] [01m[K/home/ghani/my_ws/src/final_package/src/controller.cpp:122:10:[m[K [01;31m[Kerror: [m[Kâ€˜[01m[Ky_goal[m[Kâ€™ was not declared in this scope
[2.045s]   122 |   cin >> [01;31m[Ky_goal[m[K;
[2.045s]       |          [01;31m[K^~~~~~[m[K
[4.196s] make[2]: *** [CMakeFiles/controllercpp.dir/build.make:63: CMakeFiles/controllercpp.dir/src/controller.cpp.o] Error 1
[4.197s] make[1]: *** [CMakeFiles/Makefile2:78: CMakeFiles/controllercpp.dir/all] Error 2
[4.197s] make: *** [Makefile:141: all] Error 2
[4.202s] Invoked command in '/home/ghani/my_ws/build/final_package' returned '2': CMAKE_PREFIX_PATH=/opt/ros/galactic /usr/bin/cmake --build /home/ghani/my_ws/build/final_package -- -j6 -l6
