[35m[1mScanning dependencies of target controllercpp[0m
[ 50%] [32mBuilding CXX object CMakeFiles/controllercpp.dir/src/controller.cpp.o[0m
[01m[K/home/ghani/my_ws/src/final_package/src/controller.cpp:[m[K In function â€˜[01m[Kdouble getDistanceToWaypoint()[m[Kâ€™:
[01m[K/home/ghani/my_ws/src/final_package/src/controller.cpp:20:19:[m[K [01;31m[Kerror: [m[Kâ€˜[01m[KwaypointGoal[m[Kâ€™ was not declared in this scope
   20 |   return sqrt(pow([01;31m[KwaypointGoal[m[K.x - current.x, 2) + pow(
      |                   [01;31m[K^~~~~~~~~~~~[m[K
[01m[K/home/ghani/my_ws/src/final_package/src/controller.cpp:20:36:[m[K [01;31m[Kerror: [m[Kâ€˜[01m[Kcurrent[m[Kâ€™ was not declared in this scope
   20 |   return sqrt(pow(waypointGoal.x - [01;31m[Kcurrent[m[K.x, 2) + pow(
      |                                    [01;31m[K^~~~~~~[m[K
[01m[K/home/ghani/my_ws/src/final_package/src/controller.cpp:[m[K In member function â€˜[01m[Kvoid MinimalSubscriber::topic_callback(turtlesim::msg::Pose_<std::allocator<void> >::SharedPtr) const[m[Kâ€™:
[01m[K/home/ghani/my_ws/src/final_package/src/controller.cpp:41:8:[m[K [01;31m[Kerror: [m[Kâ€˜[01m[KwaypointGoal[m[Kâ€™ was not declared in this scope
   41 |        [01;31m[KwaypointGoal[m[K.x=x_goal;
      |        [01;31m[K^~~~~~~~~~~~[m[K
[01m[K/home/ghani/my_ws/src/final_package/src/controller.cpp:38:63:[m[K [01;35m[Kwarning: [m[Kunused parameter â€˜[01m[Kcurrent[m[Kâ€™ [[01;35m[K-Wunused-parameter[m[K]
   38 |     void topic_callback([01;35m[Kconst turtlesim::msg::Pose::SharedPtr current[m[K) const
      |                         [01;35m[K~~~~~~~~~~~~~~~~~~~~~~~~~~~~~~~~~~~~~~^~~~~~~[m[K
make[2]: *** [CMakeFiles/controllercpp.dir/build.make:63: CMakeFiles/controllercpp.dir/src/controller.cpp.o] Error 1
make[1]: *** [CMakeFiles/Makefile2:78: CMakeFiles/controllercpp.dir/all] Error 2
make: *** [Makefile:141: all] Error 2
