[0.018s] Invoking command in '/home/ghani/my_ws/build/final_package': CMAKE_PREFIX_PATH=/opt/ros/galactic /usr/bin/cmake --build /home/ghani/my_ws/build/final_package -- -j6 -l6
[0.061s] [35m[1mScanning dependencies of target controllercpp[0m
[0.085s] [ 50%] [32mBuilding CXX object CMakeFiles/controllercpp.dir/src/controller.cpp.o[0m
[1.957s] [01m[K/home/ghani/my_ws/src/final_package/src/controller.cpp:[m[K In member function â€˜[01m[Kvoid MinimalSubscriber::topic_callback(turtlesim::msg::Pose_<std::allocator<void> >::SharedPtr) const[m[Kâ€™:
[1.957s] [01m[K/home/ghani/my_ws/src/final_package/src/controller.cpp:49:24:[m[K [01;31m[Kerror: [m[Kâ€˜[01m[Kconst SharedPtr[m[Kâ€™ {aka â€˜[01m[Kconst class std::shared_ptr<turtlesim::msg::Pose_<std::allocator<void> > >[m[Kâ€™} has no member named â€˜[01m[Kx[m[Kâ€™
[1.957s]    49 |        float g=current.[01;31m[Kx[m[K
[1.957s]       |                        [01;31m[K^[m[K
[1.964s] [01m[K/home/ghani/my_ws/src/final_package/src/controller.cpp:48:15:[m[K [01;35m[Kwarning: [m[Kunused variable â€˜[01m[Kh[m[Kâ€™ [[01;35m[K-Wunused-variable[m[K]
[1.964s]    48 |        double [01;35m[Kh[m[K =getDistanceToWaypoint();
[1.964s]       |               [01;35m[K^[m[K
[4.040s] make[2]: *** [CMakeFiles/controllercpp.dir/build.make:63: CMakeFiles/controllercpp.dir/src/controller.cpp.o] Error 1
[4.040s] make[1]: *** [CMakeFiles/Makefile2:78: CMakeFiles/controllercpp.dir/all] Error 2
[4.041s] make: *** [Makefile:141: all] Error 2
[4.043s] Invoked command in '/home/ghani/my_ws/build/final_package' returned '2': CMAKE_PREFIX_PATH=/opt/ros/galactic /usr/bin/cmake --build /home/ghani/my_ws/build/final_package -- -j6 -l6
