[0.019s] Invoking command in '/home/ghani/my_ws/build/final_package': CMAKE_PREFIX_PATH=/opt/ros/galactic /usr/bin/cmake --build /home/ghani/my_ws/build/final_package -- -j6 -l6
[0.064s] [35m[1mScanning dependencies of target controllercpp[0m
[0.091s] [ 50%] [32mBuilding CXX object CMakeFiles/controllercpp.dir/src/controller.cpp.o[0m
[1.800s] [01m[K/home/ghani/my_ws/src/final_package/src/controller.cpp:22:1:[m[K [01;31m[Kerror: [m[Kâ€˜[01m[Kcurrent[m[Kâ€™ does not name a type
[1.800s]    22 | [01;31m[Kcurrent[m[K.x=5.54;
[1.800s]       | [01;31m[K^~~~~~~[m[K
[1.801s] [01m[K/home/ghani/my_ws/src/final_package/src/controller.cpp:23:1:[m[K [01;31m[Kerror: [m[Kâ€˜[01m[Kcurrent[m[Kâ€™ does not name a type
[1.801s]    23 | [01;31m[Kcurrent[m[K.y=5.54;
[1.801s]       | [01;31m[K^~~~~~~[m[K
[2.080s] [01m[K/home/ghani/my_ws/src/final_package/src/controller.cpp:[m[K In member function â€˜[01m[Kvoid MinimalSubscriber::topic_callback(turtlesim::msg::Pose_<std::allocator<void> >::SharedPtr) const[m[Kâ€™:
[2.080s] [01m[K/home/ghani/my_ws/src/final_package/src/controller.cpp:50:15:[m[K [01;35m[Kwarning: [m[Kunused variable â€˜[01m[Kh[m[Kâ€™ [[01;35m[K-Wunused-variable[m[K]
[2.080s]    50 |        double [01;35m[Kh[m[K =getDistanceToWaypoint();
[2.081s]       |               [01;35m[K^[m[K
[2.081s] [01m[K/home/ghani/my_ws/src/final_package/src/controller.cpp:45:63:[m[K [01;35m[Kwarning: [m[Kunused parameter â€˜[01m[Kcurrent[m[Kâ€™ [[01;35m[K-Wunused-parameter[m[K]
[2.081s]    45 |     void topic_callback([01;35m[Kconst turtlesim::msg::Pose::SharedPtr current[m[K) const
[2.081s]       |                         [01;35m[K~~~~~~~~~~~~~~~~~~~~~~~~~~~~~~~~~~~~~~^~~~~~~[m[K
[4.278s] make[2]: *** [CMakeFiles/controllercpp.dir/build.make:63: CMakeFiles/controllercpp.dir/src/controller.cpp.o] Error 1
[4.278s] make[1]: *** [CMakeFiles/Makefile2:78: CMakeFiles/controllercpp.dir/all] Error 2
[4.278s] make: *** [Makefile:141: all] Error 2
[4.280s] Invoked command in '/home/ghani/my_ws/build/final_package' returned '2': CMAKE_PREFIX_PATH=/opt/ros/galactic /usr/bin/cmake --build /home/ghani/my_ws/build/final_package -- -j6 -l6
