[01m[K/home/ghani/my_ws/src/final_package/src/controller.cpp:[m[K In function â€˜[01m[Kvoid setVelocity()[m[Kâ€™:
[01m[K/home/ghani/my_ws/src/final_package/src/controller.cpp:68:6:[m[K [01;31m[Kerror: [m[Kbreak statement not within loop or switch
   68 |      [01;31m[Kbreak[m[K;
      |      [01;31m[K^~~~~[m[K
make[2]: *** [CMakeFiles/controllercpp.dir/build.make:63: CMakeFiles/controllercpp.dir/src/controller.cpp.o] Error 1
make[1]: *** [CMakeFiles/Makefile2:78: CMakeFiles/controllercpp.dir/all] Error 2
make: *** [Makefile:141: all] Error 2
