[35m[1mScanning dependencies of target controllercpp[0m
[ 50%] [32mBuilding CXX object CMakeFiles/controllercpp.dir/src/controller.cpp.o[0m
[01m[K/home/ghani/my_ws/src/final_package/src/controller.cpp:[m[K In function â€˜[01m[Kvoid setVelocity()[m[Kâ€™:
[01m[K/home/ghani/my_ws/src/final_package/src/controller.cpp:68:11:[m[K [01;31m[Kerror: [m[Ktoo few arguments to function â€˜[01m[Kvoid exit(int)[m[Kâ€™
   68 |      exit([01;31m[K)[m[K;
      |           [01;31m[K^[m[K
In file included from [01m[K/usr/include/c++/9/cstdlib:75[m[K,
                 from [01m[K/usr/include/c++/9/ext/string_conversions.h:41[m[K,
                 from [01m[K/usr/include/c++/9/bits/basic_string.h:6493[m[K,
                 from [01m[K/usr/include/c++/9/string:55[m[K,
                 from [01m[K/usr/include/c++/9/stdexcept:39[m[K,
                 from [01m[K/usr/include/c++/9/array:39[m[K,
                 from [01m[K/usr/include/c++/9/tuple:39[m[K,
                 from [01m[K/usr/include/c++/9/bits/unique_ptr.h:37[m[K,
                 from [01m[K/usr/include/c++/9/memory:80[m[K,
                 from [01m[K/home/ghani/my_ws/src/final_package/src/controller.cpp:1[m[K:
[01m[K/usr/include/stdlib.h:617:13:[m[K [01;36m[Knote: [m[Kdeclared here
  617 | extern void [01;36m[Kexit[m[K (int __status) __THROW __attribute__ ((__noreturn__));
      |             [01;36m[K^~~~[m[K
make[2]: *** [CMakeFiles/controllercpp.dir/build.make:63: CMakeFiles/controllercpp.dir/src/controller.cpp.o] Error 1
make[1]: *** [CMakeFiles/Makefile2:78: CMakeFiles/controllercpp.dir/all] Error 2
make: *** [Makefile:141: all] Error 2
