[0.015s] Invoking command in '/home/ghani/my_ws/build/final_package': CMAKE_PREFIX_PATH=/opt/ros/galactic /usr/bin/cmake --build /home/ghani/my_ws/build/final_package -- -j6 -l6
[0.065s] [35m[1mScanning dependencies of target controllercpp[0m
[0.089s] [ 50%] [32mBuilding CXX object CMakeFiles/controllercpp.dir/src/controller.cpp.o[0m
[1.763s] [01m[K/home/ghani/my_ws/src/final_package/src/controller.cpp:[m[K In function â€˜[01m[Kvoid setVelocity()[m[Kâ€™:
[1.763s] [01m[K/home/ghani/my_ws/src/final_package/src/controller.cpp:68:11:[m[K [01;31m[Kerror: [m[Ktoo few arguments to function â€˜[01m[Kvoid exit(int)[m[Kâ€™
[1.763s]    68 |      exit([01;31m[K)[m[K;
[1.764s]       |           [01;31m[K^[m[K
[1.764s] In file included from [01m[K/usr/include/c++/9/cstdlib:75[m[K,
[1.764s]                  from [01m[K/usr/include/c++/9/ext/string_conversions.h:41[m[K,
[1.764s]                  from [01m[K/usr/include/c++/9/bits/basic_string.h:6493[m[K,
[1.764s]                  from [01m[K/usr/include/c++/9/string:55[m[K,
[1.764s]                  from [01m[K/usr/include/c++/9/stdexcept:39[m[K,
[1.764s]                  from [01m[K/usr/include/c++/9/array:39[m[K,
[1.764s]                  from [01m[K/usr/include/c++/9/tuple:39[m[K,
[1.764s]                  from [01m[K/usr/include/c++/9/bits/unique_ptr.h:37[m[K,
[1.764s]                  from [01m[K/usr/include/c++/9/memory:80[m[K,
[1.764s]                  from [01m[K/home/ghani/my_ws/src/final_package/src/controller.cpp:1[m[K:
[1.764s] [01m[K/usr/include/stdlib.h:617:13:[m[K [01;36m[Knote: [m[Kdeclared here
[1.764s]   617 | extern void [01;36m[Kexit[m[K (int __status) __THROW __attribute__ ((__noreturn__));
[1.764s]       |             [01;36m[K^~~~[m[K
[4.141s] make[2]: *** [CMakeFiles/controllercpp.dir/build.make:63: CMakeFiles/controllercpp.dir/src/controller.cpp.o] Error 1
[4.142s] make[1]: *** [CMakeFiles/Makefile2:78: CMakeFiles/controllercpp.dir/all] Error 2
[4.142s] make: *** [Makefile:141: all] Error 2
[4.146s] Invoked command in '/home/ghani/my_ws/build/final_package' returned '2': CMAKE_PREFIX_PATH=/opt/ros/galactic /usr/bin/cmake --build /home/ghani/my_ws/build/final_package -- -j6 -l6
