In file included from [01m[K/opt/ros/galactic/include/rclcpp/client.hpp:40[m[K,
                 from [01m[K/opt/ros/galactic/include/rclcpp/callback_group.hpp:23[m[K,
                 from [01m[K/opt/ros/galactic/include/rclcpp/any_executable.hpp:20[m[K,
                 from [01m[K/opt/ros/galactic/include/rclcpp/memory_strategy.hpp:25[m[K,
                 from [01m[K/opt/ros/galactic/include/rclcpp/memory_strategies.hpp:18[m[K,
                 from [01m[K/opt/ros/galactic/include/rclcpp/executor_options.hpp:20[m[K,
                 from [01m[K/opt/ros/galactic/include/rclcpp/executor.hpp:36[m[K,
                 from [01m[K/opt/ros/galactic/include/rclcpp/executors/multi_threaded_executor.hpp:26[m[K,
                 from [01m[K/opt/ros/galactic/include/rclcpp/executors.hpp:21[m[K,
                 from [01m[K/opt/ros/galactic/include/rclcpp/rclcpp.hpp:156[m[K,
                 from [01m[K/home/ghani/my_ws/src/cpp_package/src/publisher_member_function.cpp:20[m[K:
[01m[K/home/ghani/my_ws/src/cpp_package/src/publisher_member_function.cpp:[m[K In member function â€˜[01m[Kvoid ClassName2::timer_callback()[m[Kâ€™:
[01m[K/home/ghani/my_ws/src/cpp_package/src/publisher_member_function.cpp:46:74:[m[K [01;31m[Kerror: [m[Krequest for member â€˜[01m[Kc_str[m[Kâ€™ in â€˜[01m[Kmessage.geometry_msgs::msg::Twist_<std::allocator<void> >::linear.geometry_msgs::msg::Vector3_<std::allocator<void> >::x[m[Kâ€™, which is of non-class type â€˜[01m[Kgeometry_msgs::msg::Vector3_<std::allocator<void> >::_x_type[m[Kâ€™ {aka â€˜[01m[Kdouble[m[Kâ€™}
   46 |     RCLCPP_INFO(this->get_logger(), "Publishing: '%s'", message.linear.x.[01;31m[Kc_str[m[K());
      |                                                                          [01;31m[K^~~~~[m[K
make[2]: *** [CMakeFiles/talkercpp.dir/build.make:63: CMakeFiles/talkercpp.dir/src/publisher_member_function.cpp.o] Error 1
make[1]: *** [CMakeFiles/Makefile2:78: CMakeFiles/talkercpp.dir/all] Error 2
make: *** [Makefile:141: all] Error 2
